	{ .signal = 1 , .name = "HUP", .mess = "Hangup" },
	{ .signal = 2 , .name = "INT", .mess = "Interrupt" },
	{ .signal = 3 , .name = "QUIT", .mess = "Quit" },
	{ .signal = 4 , .name = "ILL", .mess = "Illegal instruction" },
	{ .signal = 5 , .name = "TRAP", .mess = "Trace trap" },
	{ .signal = 6 , .name = "ABRT", .mess = "Abort" },
	{ .signal = 7 , .name = "IOT", .mess = "IOT instruction" },
	{ .signal = 8 , .name = "EMT", .mess = "EMT trap" },
	{ .signal = 9 , .name = "FPE", .mess = "Floating point exception" },
	{ .signal = 10 , .name = "KILL", .mess = "Killed" },
	{ .signal = 11 , .name = "UNUSED", .mess = "Unused" },
	{ .signal = 12 , .name = "BUS", .mess = "Bus error" },
	{ .signal = 13 , .name = "SEGV", .mess = "Memory fault" },
	{ .signal = 14 , .name = "SYS", .mess = "Bad system call" },
	{ .signal = 15 , .name = "PIPE", .mess = "Broken pipe" },
	{ .signal = 16 , .name = "ALRM", .mess = "Alarm clock" },
	{ .signal = 17 , .name = "TERM", .mess = "Terminated" },
	{ .signal = 18 , .name = "STKFLT", .mess = "Stack fault" },
	{ .signal = 19 , .name = "IO", .mess = "I/O possible" },
	{ .signal = 20 , .name = "XCPU", .mess = "CPU time limit exceeded" },
	{ .signal = 21 , .name = "XFSZ", .mess = "File size limit exceeded" },
	{ .signal = 22 , .name = "VTALRM", .mess = "Virtual timer expired" },
	{ .signal = 23 , .name = "PROF", .mess = "Profiling timer expired" },
	{ .signal = 24 , .name = "WINCH", .mess = "Window size change" },
	{ .signal = 25 , .name = "LOST", .mess = "File lock lost" },
	{ .signal = 26 , .name = "USR1", .mess = "User defined signal 1" },
	{ .signal = 27 , .name = "USR2", .mess = "User defined signal 2" },
	{ .signal = 28 , .name = "PWR", .mess = "Power-fail/Restart" },
	{ .signal = 29 , .name = "POLL", .mess = "Pollable event occurred" },
	{ .signal = 30 , .name = "STOP", .mess = "Stopped (signal)" },
	{ .signal = 31 , .name = "TSTP", .mess = "Stopped" },
	{ .signal = 32 , .name = "CONT", .mess = "Continued" },
	{ .signal = 33 , .name = "CHLD", .mess = "Child exited" },
	{ .signal = 34 , .name = "TTIN", .mess = "Stopped (tty input)" },
	{ .signal = 35 , .name = "TTOU", .mess = "Stopped (tty output)" },
	{ .signal = 36 , .name = "INFO", .mess = "Information request" },
	{ .signal = 37 , .name = "URG", .mess = "Urgent I/O condition" },
	{ .signal = 38 , .name = "WAITING", .mess = "No runnable LWPs" },
	{ .signal = 39 , .name = "LWP", .mess = "Inter-LWP signal" },
	{ .signal = 40 , .name = "FREEZE", .mess = "Checkpoint freeze" },
	{ .signal = 41 , .name = "THAW", .mess = "Checkpoint thaw" },
	{ .signal = 42 , .name = "CANCEL", .mess = "Thread cancellation" },